FAILED tests/test_health.py::test_health_returns_200 - AssertionError: expected 200, got 404
